0 info it worked if it ends with ok
1 verbose cli [ '/Users/dave/.nvm/versions/node/v7.4.0/bin/node',
1 verbose cli   '/Users/dave/.nvm/versions/node/v7.4.0/bin/npm',
1 verbose cli   'publish' ]
2 info using npm@4.0.5
3 info using node@v7.4.0
4 verbose publish [ '.' ]
5 silly cache add args [ '.', null ]
6 verbose cache add spec .
7 silly cache add parsed spec Result {
7 silly cache add   raw: '.',
7 silly cache add   scope: null,
7 silly cache add   escapedName: null,
7 silly cache add   name: null,
7 silly cache add   rawSpec: '.',
7 silly cache add   spec: '/Users/dave/workspace/got-names/got-names',
7 silly cache add   type: 'directory' }
8 verbose addLocalDirectory /Users/dave/.npm/got-names/1.0.0/package.tgz not in flight; packing
9 verbose correctMkdir /Users/dave/.npm correctMkdir not in flight; initializing
10 info lifecycle got-names@1.0.0~prepublish: got-names@1.0.0
11 silly lifecycle got-names@1.0.0~prepublish: no script for prepublish, continuing
12 info lifecycle got-names@1.0.0~prepare: got-names@1.0.0
13 silly lifecycle got-names@1.0.0~prepare: no script for prepare, continuing
14 verbose tar pack [ '/Users/dave/.npm/got-names/1.0.0/package.tgz',
14 verbose tar pack   '/Users/dave/workspace/got-names/got-names' ]
15 verbose tarball /Users/dave/.npm/got-names/1.0.0/package.tgz
16 verbose folder /Users/dave/workspace/got-names/got-names
17 verbose addLocalTarball adding from inside cache /Users/dave/.npm/got-names/1.0.0/package.tgz
18 verbose correctMkdir /Users/dave/.npm correctMkdir not in flight; initializing
19 silly cache afterAdd got-names@1.0.0
20 verbose afterAdd /Users/dave/.npm/got-names/1.0.0/package/package.json not in flight; writing
21 verbose correctMkdir /Users/dave/.npm correctMkdir not in flight; initializing
22 verbose afterAdd /Users/dave/.npm/got-names/1.0.0/package/package.json written
23 silly publish { name: 'got-names',
23 silly publish   version: '1.0.0',
23 silly publish   description: 'Get random Game of Thrones names',
23 silly publish   main: 'src/index.js',
23 silly publish   scripts: { test: 'echo "Error: no test specified" && exit 1' },
23 silly publish   repository:
23 silly publish    { type: 'git',
23 silly publish      url: 'git+https://github.com/daveharmswebdev/got-names.git' },
23 silly publish   keywords: [ 'random', 'game', 'of', 'thrones' ],
23 silly publish   author: { name: 'Dave Harms', email: 'daveharmswebdev@gmail.com' },
23 silly publish   license: 'MIT',
23 silly publish   bugs: { url: 'https://github.com/daveharmswebdev/got-names/issues' },
23 silly publish   homepage: 'https://github.com/daveharmswebdev/got-names#readme',
23 silly publish   dependencies: { 'unique-random-array': '1.0.0' },
23 silly publish   readme: '# Game of Thrones Names\n',
23 silly publish   readmeFilename: 'README.md',
23 silly publish   gitHead: '6df984be83f9b1118540682acac265ea21d6fff8',
23 silly publish   _id: 'got-names@1.0.0',
23 silly publish   _shasum: '1a870657ba3ab77e0fd273614b23a6e82964b630',
23 silly publish   _from: '.' }
24 info lifecycle got-names@1.0.0~prepublishOnly: got-names@1.0.0
25 silly lifecycle got-names@1.0.0~prepublishOnly: no script for prepublishOnly, continuing
26 verbose getPublishConfig undefined
27 silly mapToRegistry name got-names
28 silly mapToRegistry using default registry
29 silly mapToRegistry registry https://registry.npmjs.org/
30 silly mapToRegistry data Result {
30 silly mapToRegistry   raw: 'got-names',
30 silly mapToRegistry   scope: null,
30 silly mapToRegistry   escapedName: 'got-names',
30 silly mapToRegistry   name: 'got-names',
30 silly mapToRegistry   rawSpec: '',
30 silly mapToRegistry   spec: 'latest',
30 silly mapToRegistry   type: 'tag' }
31 silly mapToRegistry uri https://registry.npmjs.org/got-names
32 verbose publish registryBase https://registry.npmjs.org/
33 silly publish uploading /Users/dave/.npm/got-names/1.0.0/package.tgz
34 verbose request uri https://registry.npmjs.org/got-names
35 verbose request sending authorization for write operation
36 info attempt registry request try #1 at 8:46:13 AM
37 verbose request using bearer token for auth
38 verbose request id 3765930a4d529767
39 http request PUT https://registry.npmjs.org/got-names
40 http 403 https://registry.npmjs.org/got-names
41 verbose headers { 'content-type': 'application/json',
41 verbose headers   'cache-control': 'max-age=300',
41 verbose headers   'content-length': '103',
41 verbose headers   'accept-ranges': 'bytes',
41 verbose headers   date: 'Wed, 11 Oct 2017 12:46:11 GMT',
41 verbose headers   via: '1.1 varnish',
41 verbose headers   connection: 'keep-alive',
41 verbose headers   'x-served-by': 'cache-atl6222-ATL',
41 verbose headers   'x-cache': 'MISS',
41 verbose headers   'x-cache-hits': '0',
41 verbose headers   'x-timer': 'S1507725971.089331,VS0,VE434',
41 verbose headers   vary: 'Accept-Encoding, Accept' }
42 verbose request invalidating /Users/dave/.npm/registry.npmjs.org/got-names on PUT
43 error publish Failed PUT 403
44 verbose stack Error: You do not have permission to publish "got-names". Are you logged in as the correct user? : got-names
44 verbose stack     at makeError (/Users/dave/.nvm/versions/node/v7.4.0/lib/node_modules/npm/node_modules/npm-registry-client/lib/request.js:302:12)
44 verbose stack     at CachingRegistryClient.<anonymous> (/Users/dave/.nvm/versions/node/v7.4.0/lib/node_modules/npm/node_modules/npm-registry-client/lib/request.js:290:14)
44 verbose stack     at Request._callback (/Users/dave/.nvm/versions/node/v7.4.0/lib/node_modules/npm/node_modules/npm-registry-client/lib/request.js:210:14)
44 verbose stack     at Request.self.callback (/Users/dave/.nvm/versions/node/v7.4.0/lib/node_modules/npm/node_modules/request/request.js:186:22)
44 verbose stack     at emitTwo (events.js:106:13)
44 verbose stack     at Request.emit (events.js:191:7)
44 verbose stack     at Request.<anonymous> (/Users/dave/.nvm/versions/node/v7.4.0/lib/node_modules/npm/node_modules/request/request.js:1081:10)
44 verbose stack     at emitOne (events.js:96:13)
44 verbose stack     at Request.emit (events.js:188:7)
44 verbose stack     at IncomingMessage.<anonymous> (/Users/dave/.nvm/versions/node/v7.4.0/lib/node_modules/npm/node_modules/request/request.js:1001:12)
45 verbose statusCode 403
46 verbose pkgid got-names
47 verbose cwd /Users/dave/workspace/got-names/got-names
48 error Darwin 16.7.0
49 error argv "/Users/dave/.nvm/versions/node/v7.4.0/bin/node" "/Users/dave/.nvm/versions/node/v7.4.0/bin/npm" "publish"
50 error node v7.4.0
51 error npm  v4.0.5
52 error code E403
53 error You do not have permission to publish "got-names". Are you logged in as the correct user? : got-names
54 error If you need help, you may report this error at:
54 error     <https://github.com/npm/npm/issues>
55 verbose exit [ 1, true ]
